
20:18:07.488 [error] calling logger:remove_handler(default) failed: :error {:badmatch, {:error, {:not_found, :default}}}
20:18:07.520 [info] Application lager started on node nonode@nohost
20:18:07.522 [info] Application xmerl started on node nonode@nohost
20:18:07.524 [info] Application sasl started on node nonode@nohost
20:18:07.524 [info] Application tools started on node nonode@nohost
20:18:07.524 [info] Application jsx started on node nonode@nohost
20:18:07.524 [info] Application recon started on node nonode@nohost
20:18:07.561 [info] Application credentials_obfuscation started on node nonode@nohost
20:18:07.561 [info] Application rabbit_common started on node nonode@nohost
20:18:07.566 [info] Application amqp_client started on node nonode@nohost
20:18:07.568 [info] Application amqp started on node nonode@nohost
20:18:07.568 [info] Application rabbitmq_tutorials started on node nonode@nohost
 [*] Waiting for messages. To exit press CTRL+C, CTRL+C
 [x] Received [error] Run. Run. Or it will explode.
 [x] Received [error] Run. Run. Or it will explode.
 [x] Received [error] Run. Run. Or it will explode.
 [x] Received [warning] Just warning
 [x] Received [warning] Just warning

BREAK: (a)bort (A)bort with dump (c)ontinue (p)roc info (i)nfo
       (l)oaded (v)ersion (k)ill (D)b-tables (d)istribution
