2021-03-08 15:48:19.806 [info] <0.44.0> Application lager started on node nonode@nohost
2021-03-08 15:48:19.808 [info] <0.44.0> Application xmerl started on node nonode@nohost
2021-03-08 15:48:19.811 [info] <0.44.0> Application sasl started on node nonode@nohost
2021-03-08 15:48:19.811 [info] <0.44.0> Application tools started on node nonode@nohost
2021-03-08 15:48:19.811 [info] <0.44.0> Application jsx started on node nonode@nohost
2021-03-08 15:48:19.811 [info] <0.44.0> Application recon started on node nonode@nohost
2021-03-08 15:48:19.850 [info] <0.44.0> Application credentials_obfuscation started on node nonode@nohost
2021-03-08 15:48:19.850 [info] <0.44.0> Application rabbit_common started on node nonode@nohost
2021-03-08 15:48:19.854 [info] <0.44.0> Application amqp_client started on node nonode@nohost
2021-03-08 15:48:19.856 [info] <0.44.0> Application amqp started on node nonode@nohost
2021-03-08 15:48:19.856 [info] <0.44.0> Application rabbitmq_tutorials started on node nonode@nohost
2021-03-08 15:52:07.052 [info] <0.44.0> Application lager started on node nonode@nohost
2021-03-08 15:52:07.053 [info] <0.44.0> Application xmerl started on node nonode@nohost
2021-03-08 15:52:07.055 [info] <0.44.0> Application sasl started on node nonode@nohost
2021-03-08 15:52:07.055 [info] <0.44.0> Application tools started on node nonode@nohost
2021-03-08 15:52:07.056 [info] <0.44.0> Application jsx started on node nonode@nohost
2021-03-08 15:52:07.056 [info] <0.44.0> Application recon started on node nonode@nohost
2021-03-08 15:52:07.093 [info] <0.44.0> Application credentials_obfuscation started on node nonode@nohost
2021-03-08 15:52:07.093 [info] <0.44.0> Application rabbit_common started on node nonode@nohost
2021-03-08 15:52:07.099 [info] <0.44.0> Application amqp_client started on node nonode@nohost
2021-03-08 15:52:07.100 [info] <0.44.0> Application amqp started on node nonode@nohost
2021-03-08 15:52:07.100 [info] <0.44.0> Application rabbitmq_tutorials started on node nonode@nohost
2021-03-08 16:09:02.954 [info] <0.44.0> Application lager started on node nonode@nohost
2021-03-08 16:09:02.957 [info] <0.44.0> Application xmerl started on node nonode@nohost
2021-03-08 16:09:02.959 [info] <0.44.0> Application sasl started on node nonode@nohost
2021-03-08 16:09:02.959 [info] <0.44.0> Application tools started on node nonode@nohost
2021-03-08 16:09:02.959 [info] <0.44.0> Application jsx started on node nonode@nohost
2021-03-08 16:09:02.959 [info] <0.44.0> Application recon started on node nonode@nohost
2021-03-08 16:09:02.996 [info] <0.44.0> Application credentials_obfuscation started on node nonode@nohost
2021-03-08 16:09:02.996 [info] <0.44.0> Application rabbit_common started on node nonode@nohost
2021-03-08 16:09:03.001 [info] <0.44.0> Application amqp_client started on node nonode@nohost
2021-03-08 16:09:03.003 [info] <0.44.0> Application amqp started on node nonode@nohost
2021-03-08 16:09:03.003 [info] <0.44.0> Application rabbitmq_tutorials started on node nonode@nohost
2021-03-08 16:09:27.692 [info] <0.44.0> Application lager started on node nonode@nohost
2021-03-08 16:09:27.694 [info] <0.44.0> Application xmerl started on node nonode@nohost
2021-03-08 16:09:27.696 [info] <0.44.0> Application sasl started on node nonode@nohost
2021-03-08 16:09:27.696 [info] <0.44.0> Application tools started on node nonode@nohost
2021-03-08 16:09:27.696 [info] <0.44.0> Application jsx started on node nonode@nohost
2021-03-08 16:09:27.696 [info] <0.44.0> Application recon started on node nonode@nohost
2021-03-08 16:09:27.732 [info] <0.44.0> Application credentials_obfuscation started on node nonode@nohost
2021-03-08 16:09:27.732 [info] <0.44.0> Application rabbit_common started on node nonode@nohost
2021-03-08 16:09:27.738 [info] <0.44.0> Application amqp_client started on node nonode@nohost
2021-03-08 16:09:27.740 [info] <0.44.0> Application amqp started on node nonode@nohost
2021-03-08 16:09:27.740 [info] <0.44.0> Application rabbitmq_tutorials started on node nonode@nohost
2021-03-08 16:09:35.598 [info] <0.44.0> Application lager started on node nonode@nohost
2021-03-08 16:09:35.600 [info] <0.44.0> Application xmerl started on node nonode@nohost
2021-03-08 16:09:35.602 [info] <0.44.0> Application sasl started on node nonode@nohost
2021-03-08 16:09:35.602 [info] <0.44.0> Application tools started on node nonode@nohost
2021-03-08 16:09:35.602 [info] <0.44.0> Application jsx started on node nonode@nohost
2021-03-08 16:09:35.602 [info] <0.44.0> Application recon started on node nonode@nohost
2021-03-08 16:09:35.639 [info] <0.44.0> Application credentials_obfuscation started on node nonode@nohost
2021-03-08 16:09:35.639 [info] <0.44.0> Application rabbit_common started on node nonode@nohost
2021-03-08 16:09:35.644 [info] <0.44.0> Application amqp_client started on node nonode@nohost
2021-03-08 16:09:35.646 [info] <0.44.0> Application amqp started on node nonode@nohost
2021-03-08 16:09:35.646 [info] <0.44.0> Application rabbitmq_tutorials started on node nonode@nohost
